NEORAY v0.0.5 Release Crash Report
Please open an issue in github with this file.
The program is crashed because of the following reasons.
Message:  [NEORAY] FATAL: Assertion Failed: [cursor pos incorrect 34 12 false]
goroutine 1 [running, locked to thread]:
runtime/debug.Stack(0xc000173628, 0xc0003d43c0, 0x4f)
	C:/Users/bulut/scoop/apps/go/current/src/runtime/debug/stack.go:24 +0xa5
main.crash_report(0xc0003fbb00, 0x1, 0x1)
	C:/ismailbulut/Developer/go-projects/neoray/src/logger.go:80 +0x39d
main.log_message(0x600000004, 0xc0003fbb78, 0x2, 0x2)
	C:/ismailbulut/Developer/go-projects/neoray/src/logger.go:134 +0x3d9
main.assert(...)
	C:/ismailbulut/Developer/go-projects/neoray/src/logger.go:149
main.(*Cursor).SetPosition(0x1501710, 0x22, 0xc, 0x13f6100)
	C:/ismailbulut/Developer/go-projects/neoray/src/cursor.go:67 +0x245
main.grid_cursor_goto(0xc00008a750, 0x1, 0x1)
	C:/ismailbulut/Developer/go-projects/neoray/src/redrawevents.go:323 +0x32d
main.HandleNvimRedrawEvents()
	C:/ismailbulut/Developer/go-projects/neoray/src/redrawevents.go:83 +0x96c
main.(*Editor).MainLoop(0x1501660)
	C:/ismailbulut/Developer/go-projects/neoray/src/editor.go:160 +0x2ee
main.main()
	C:/ismailbulut/Developer/go-projects/neoray/src/main.go:69 +0x265

